SF:lib\core\my_error.dart
DA:3,21
LF:1
LH:1
end_of_record
SF:lib\core\service_locator.dart
DA:22,27
DA:23,0
DA:27,0
DA:28,0
DA:29,0
DA:30,0
DA:31,0
DA:32,0
DA:33,0
DA:34,0
DA:35,0
DA:36,0
DA:39,0
DA:40,0
DA:41,0
DA:42,0
DA:44,0
DA:47,0
DA:48,0
DA:49,0
DA:50,0
DA:52,0
DA:53,0
DA:57,0
DA:58,0
DA:60,0
LF:26
LH:1
end_of_record
SF:lib\domain\usecases\check_session_use_case.dart
DA:14,1
DA:15,2
DA:19,1
DA:20,1
DA:21,1
DA:27,1
DA:30,1
DA:31,2
DA:32,1
DA:34,3
DA:43,0
LF:11
LH:10
end_of_record
SF:lib\domain\usecases\log_in_use_case.dart
DA:19,1
DA:21,2
DA:23,1
DA:24,2
DA:31,1
DA:33,2
DA:34,1
DA:58,0
DA:61,0
LF:9
LH:7
end_of_record
SF:lib\presentation\bloc\auth_bloc.dart
DA:18,2
DA:21,0
DA:22,0
DA:23,0
DA:24,0
DA:25,0
DA:26,0
DA:27,0
DA:28,0
DA:30,0
DA:33,0
DA:35,0
DA:43,0
DA:44,0
DA:45,0
DA:46,0
DA:51,0
DA:52,0
DA:54,0
DA:56,0
DA:57,0
DA:58,0
DA:59,0
DA:60,0
DA:62,0
DA:65,0
DA:67,0
DA:77,0
DA:78,0
DA:79,0
DA:81,0
DA:82,0
LF:32
LH:1
end_of_record
SF:lib\presentation\bloc\auth_event.dart
DA:7,0
LF:1
LH:0
end_of_record
SF:lib\presentation\bloc\auth_sate.dart
DA:10,0
DA:15,0
LF:2
LH:0
end_of_record
SF:lib\core\request.dart
DA:7,0
DA:8,0
DA:11,0
DA:12,0
DA:15,0
DA:16,0
DA:18,0
DA:19,0
DA:21,0
DA:25,0
DA:26,0
DA:27,0
DA:33,0
DA:34,0
DA:35,0
DA:36,0
DA:39,0
DA:46,0
DA:48,0
DA:50,0
DA:53,0
DA:54,0
DA:56,0
DA:57,0
DA:60,0
DA:61,0
LF:26
LH:0
end_of_record
SF:lib\data\services\obs_service.dart
DA:33,0
DA:35,0
DA:36,0
DA:37,0
DA:42,0
DA:51,0
DA:53,0
DA:54,0
DA:55,0
DA:58,0
DA:60,0
DA:61,0
DA:69,0
DA:71,0
DA:72,0
DA:79,0
DA:81,0
DA:88,0
DA:90,0
DA:95,0
DA:97,0
DA:98,0
DA:101,0
DA:102,0
DA:104,0
DA:105,0
DA:107,0
DA:108,0
DA:109,0
DA:117,0
DA:120,0
DA:122,0
DA:124,0
DA:126,0
DA:127,0
DA:128,0
DA:130,0
DA:131,0
DA:132,0
DA:139,0
DA:143,0
DA:145,0
DA:149,0
DA:151,0
DA:155,0
DA:157,0
DA:161,0
DA:164,0
DA:170,0
DA:172,0
DA:173,0
DA:175,0
LF:52
LH:0
end_of_record
SF:lib\data\services\twitch_api_service.dart
DA:42,0
DA:44,0
DA:45,0
DA:46,0
DA:65,1
DA:69,1
DA:73,3
DA:75,2
DA:78,5
DA:80,1
DA:81,2
DA:82,2
DA:83,2
DA:87,1
DA:94,1
DA:97,1
DA:100,3
DA:101,2
DA:104,5
DA:106,1
DA:109,1
DA:121,1
DA:126,1
DA:127,1
DA:134,1
DA:135,2
DA:137,2
DA:139,3
DA:140,2
DA:143,2
DA:145,0
DA:146,0
DA:148,0
DA:156,1
DA:161,1
DA:162,1
DA:163,1
DA:169,0
DA:172,3
DA:174,2
DA:182,1
DA:185,1
DA:187,3
DA:189,2
DA:194,0
DA:196,0
DA:199,0
DA:201,0
DA:207,0
DA:209,0
DA:212,0
DA:213,0
DA:216,0
DA:218,0
DA:219,0
DA:221,0
DA:227,0
DA:229,0
DA:232,0
DA:233,0
DA:236,0
DA:238,0
DA:239,0
DA:241,0
DA:247,0
DA:249,0
DA:252,0
DA:253,0
DA:256,0
DA:258,0
DA:259,0
DA:261,0
DA:267,0
DA:269,0
DA:272,0
DA:273,0
DA:276,0
DA:278,0
DA:279,0
DA:281,0
DA:288,0
DA:290,0
DA:293,0
DA:294,0
DA:297,0
DA:299,0
DA:300,0
DA:302,0
DA:311,0
DA:314,0
DA:315,0
DA:317,0
DA:319,0
DA:320,0
DA:324,0
DA:325,0
DA:326,0
DA:328,0
DA:329,0
DA:332,0
DA:341,0
DA:343,0
DA:346,0
DA:347,0
DA:350,0
DA:352,0
DA:353,0
DA:355,0
DA:362,0
DA:364,0
DA:367,0
DA:368,0
DA:371,0
DA:374,0
DA:380,0
DA:382,0
DA:384,0
DA:386,0
DA:389,0
DA:392,0
DA:394,0
DA:399,0
DA:405,0
DA:407,0
DA:408,0
DA:411,0
DA:413,0
DA:414,0
DA:416,0
DA:419,0
LF:130
LH:36
end_of_record
SF:lib\data\services\twitch_irc_service.dart
DA:15,0
DA:24,0
DA:27,0
DA:28,0
DA:30,0
DA:31,0
DA:32,0
DA:33,0
DA:35,0
LF:9
LH:0
end_of_record
SF:lib\domain\repositories\twitch_auth_repository.dart
DA:45,0
DA:49,0
DA:52,0
DA:53,0
DA:54,0
DA:58,0
DA:62,0
DA:63,0
DA:69,0
DA:72,0
DA:73,0
DA:74,0
DA:75,0
DA:76,0
DA:81,0
DA:84,0
DA:85,0
DA:86,0
DA:87,0
DA:92,0
DA:94,0
DA:95,0
DA:100,0
DA:102,0
DA:104,0
DA:113,1
DA:119,3
DA:122,1
DA:127,0
DA:129,0
DA:133,0
DA:135,0
DA:140,1
DA:145,3
DA:148,0
LF:35
LH:5
end_of_record
SF:lib\domain\repositories\twitch_channel_repository.dart
DA:17,0
DA:19,0
DA:22,0
DA:24,0
DA:26,0
DA:28,0
DA:29,0
DA:31,0
LF:8
LH:0
end_of_record
SF:lib\domain\repositories\twitch_chat_repository.dart
DA:34,0
DA:36,0
DA:41,0
DA:45,0
DA:47,0
DA:53,0
DA:57,0
DA:59,0
DA:64,0
DA:67,0
DA:70,0
DA:72,0
DA:73,0
DA:74,0
DA:75,0
DA:80,0
DA:82,0
DA:83,0
DA:84,0
DA:85,0
DA:90,0
DA:92,0
DA:93,0
DA:94,0
DA:95,0
DA:100,0
DA:102,0
DA:103,0
DA:104,0
DA:105,0
DA:110,0
DA:112,0
DA:119,0
DA:121,0
LF:34
LH:0
end_of_record
SF:lib\domain\usecases\ban_user_use_case.dart
DA:11,0
DA:12,0
DA:15,0
DA:19,0
DA:22,0
LF:5
LH:0
end_of_record
SF:lib\domain\usecases\delete_message_use_case.dart
DA:15,0
DA:16,0
DA:19,0
DA:21,0
DA:24,0
LF:5
LH:0
end_of_record
SF:lib\domain\usecases\get_badges_use_case.dart
DA:13,0
DA:14,0
DA:20,0
DA:21,0
DA:23,0
DA:26,0
LF:6
LH:0
end_of_record
SF:lib\domain\usecases\get_chat_settings_use_case.dart
DA:10,1
DA:17,3
DA:18,1
DA:21,3
LF:4
LH:4
end_of_record
SF:lib\domain\usecases\get_emotes_use_case.dart
DA:12,0
DA:13,0
DA:19,0
DA:20,0
DA:22,0
DA:25,0
LF:6
LH:0
end_of_record
SF:lib\domain\usecases\get_user_use_case.dart
DA:15,1
DA:16,2
DA:17,2
DA:18,1
DA:24,2
DA:27,2
DA:31,1
DA:34,3
LF:8
LH:8
end_of_record
SF:lib\domain\usecases\log_out_use_case.dart
DA:13,0
DA:15,0
DA:16,0
LF:3
LH:0
end_of_record
SF:lib\domain\usecases\update_chat_setting_use_case.dart
DA:14,1
DA:15,1
DA:16,2
DA:20,1
DA:21,1
DA:22,1
DA:24,1
DA:26,2
DA:28,1
LF:9
LH:9
end_of_record
SF:lib\core\utils.dart
DA:14,0
DA:15,0
DA:16,0
DA:17,0
DA:28,0
DA:31,0
DA:34,0
DA:37,0
DA:40,0
DA:43,0
DA:46,0
DA:49,0
DA:60,0
DA:63,0
DA:66,0
DA:69,0
DA:72,0
DA:75,0
DA:78,0
DA:81,0
DA:84,0
DA:87,0
DA:98,0
DA:99,0
DA:100,0
DA:102,0
DA:104,0
DA:105,0
DA:111,0
DA:112,0
DA:113,0
DA:116,0
DA:117,0
DA:119,0
DA:125,0
DA:126,0
DA:127,0
DA:130,0
DA:132,0
DA:133,0
DA:134,0
DA:136,0
DA:137,0
DA:138,0
DA:139,0
DA:140,0
DA:152,0
DA:153,0
LF:48
LH:0
end_of_record
SF:lib\data\model\irc_message\irc_message.dart
DA:16,0
DA:19,0
DA:21,0
DA:23,0
DA:25,0
DA:28,0
DA:29,0
DA:30,0
DA:31,0
DA:32,0
DA:33,0
DA:34,0
DA:35,0
DA:36,0
DA:37,0
DA:38,0
DA:39,0
DA:40,0
DA:41,0
DA:42,0
DA:43,0
DA:45,0
DA:48,0
DA:55,0
DA:57,0
LF:25
LH:0
end_of_record
SF:lib\shared\widgets\user_info_widget.dart
DA:21,0
DA:23,0
DA:24,0
DA:43,0
DA:45,0
DA:46,0
DA:47,0
DA:53,0
DA:55,0
DA:57,0
DA:60,0
DA:62,0
DA:63,0
DA:64,0
DA:68,0
DA:72,0
DA:73,0
DA:77,0
DA:83,0
DA:85,0
DA:86,0
DA:88,0
DA:90,0
DA:91,0
DA:92,0
DA:102,0
DA:103,0
DA:107,0
DA:108,0
DA:109,0
DA:110,0
DA:118,0
DA:120,0
DA:122,0
DA:124,0
DA:128,0
DA:129,0
DA:132,0
DA:134,0
DA:135,0
DA:136,0
DA:146,0
DA:147,0
DA:148,0
DA:149,0
DA:151,0
DA:154,0
DA:155,0
DA:156,0
DA:157,0
DA:158,0
DA:162,0
DA:164,0
DA:166,0
DA:169,0
DA:170,0
DA:171,0
DA:172,0
DA:173,0
DA:184,0
DA:186,0
DA:187,0
DA:188,0
DA:189,0
DA:193,0
DA:198,0
DA:200,0
DA:204,0
DA:206,0
DA:207,0
DA:211,0
DA:212,0
DA:214,0
DA:215,0
DA:225,0
DA:226,0
DA:227,0
DA:230,0
DA:233,0
DA:234,0
DA:235,0
DA:238,0
DA:240,0
DA:241,0
DA:242,0
DA:243,0
DA:244,0
DA:245,0
DA:260,0
DA:261,0
DA:262,0
DA:263,0
DA:265,0
LF:93
LH:0
end_of_record
SF:lib\shared\styles.dart
DA:101,0
DA:102,0
DA:103,0
DA:119,2
DA:133,3
DA:135,1
LF:6
LH:3
end_of_record
SF:lib\data\model\badge.dart
DA:8,0
DA:11,0
DA:28,0
DA:29,0
DA:30,0
DA:31,0
DA:33,0
DA:44,0
DA:47,0
DA:55,0
DA:56,0
DA:57,0
DA:58,0
DA:59,0
LF:14
LH:0
end_of_record
SF:lib\data\model\channel_info.dart
DA:13,0
DA:24,0
DA:25,0
DA:26,0
DA:27,0
DA:28,0
DA:29,0
DA:30,0
DA:31,0
DA:32,0
DA:33,0
DA:37,0
DA:39,0
LF:13
LH:0
end_of_record
SF:lib\data\model\stream_category.dart
DA:7,0
DA:10,0
DA:11,0
DA:12,0
DA:13,0
DA:14,0
DA:19,0
DA:21,0
DA:24,0
DA:25,0
DA:26,0
DA:27,0
LF:12
LH:0
end_of_record
SF:lib\data\model\chat_setting.dart
DA:7,2
DA:9,0
DA:21,0
DA:24,0
DA:25,0
DA:26,0
DA:28,0
DA:29,0
DA:31,0
DA:32,0
DA:34,0
DA:35,0
DA:41,0
DA:44,1
DA:48,1
DA:61,1
DA:64,0
DA:67,0
DA:73,1
DA:74,1
DA:76,1
DA:77,1
DA:79,1
DA:81,1
DA:83,0
DA:84,0
DA:85,0
DA:86,0
DA:89,1
DA:90,1
DA:91,2
DA:93,0
DA:95,0
DA:96,0
DA:97,0
DA:98,0
DA:100,0
DA:102,0
DA:103,0
DA:104,0
DA:108,1
DA:109,1
LF:42
LH:15
end_of_record
SF:lib\data\model\emote.dart
DA:21,0
DA:22,0
DA:23,0
DA:24,0
DA:25,0
DA:30,0
DA:57,0
DA:58,0
DA:59,0
DA:60,0
DA:61,0
DA:62,0
DA:63,0
LF:13
LH:0
end_of_record
SF:lib\data\model\irc_message\clear_all_messages.dart
DA:10,0
DA:12,0
DA:15,0
DA:16,0
DA:19,0
DA:23,0
DA:24,0
DA:25,0
DA:29,0
LF:9
LH:0
end_of_record
SF:lib\data\model\irc_message\clear_message.dart
DA:11,0
DA:13,0
DA:18,0
DA:20,0
DA:21,0
DA:22,0
DA:23,0
LF:7
LH:0
end_of_record
SF:lib\data\model\irc_message\notice_message.dart
DA:7,0
DA:10,0
DA:13,0
DA:15,0
DA:17,0
DA:20,0
DA:22,0
LF:7
LH:0
end_of_record
SF:lib\data\model\irc_message\private_message.dart
DA:14,0
DA:16,0
DA:18,0
DA:20,0
DA:22,0
DA:24,0
DA:27,0
DA:30,0
DA:32,0
DA:34,0
DA:35,0
DA:40,0
DA:41,0
DA:43,0
DA:44,0
DA:45,0
DA:46,0
DA:49,0
DA:50,0
DA:53,0
DA:57,0
DA:58,0
DA:60,0
DA:61,0
DA:64,0
DA:68,0
DA:69,0
DA:71,0
DA:73,0
DA:78,0
DA:79,0
DA:81,0
DA:83,0
DA:88,0
DA:89,0
DA:92,0
DA:93,0
DA:96,0
DA:97,0
DA:99,0
DA:101,0
DA:106,0
DA:108,0
LF:43
LH:0
end_of_record
SF:lib\data\model\irc_message\room_state_message.dart
DA:11,0
DA:13,0
DA:15,0
DA:17,0
DA:22,0
DA:23,0
DA:25,0
DA:29,0
DA:30,0
DA:32,0
DA:36,0
DA:37,0
DA:39,0
DA:43,0
DA:44,0
DA:48,0
DA:52,0
DA:54,0
LF:18
LH:0
end_of_record
SF:lib\data\model\irc_message\user_notice_message.dart
DA:14,0
DA:16,0
DA:29,0
DA:33,0
DA:35,0
DA:37,0
DA:38,0
DA:42,0
DA:45,0
DA:46,0
DA:47,0
DA:48,0
DA:49,0
DA:50,0
DA:51,0
DA:52,0
DA:53,0
DA:54,0
DA:55,0
DA:58,0
DA:63,0
DA:64,0
DA:65,0
DA:71,0
DA:75,0
DA:76,0
DA:78,0
DA:79,0
DA:82,0
DA:83,0
DA:99,0
DA:101,0
DA:103,0
DA:106,0
DA:131,0
DA:132,0
DA:134,0
DA:135,0
DA:137,0
DA:138,0
DA:139,0
DA:140,0
DA:146,0
DA:148,0
DA:150,0
DA:154,0
DA:155,0
DA:157,0
DA:159,0
DA:171,0
DA:175,0
DA:177,0
DA:181,0
DA:182,0
DA:185,0
DA:193,0
DA:196,0
DA:198,0
DA:201,0
DA:208,0
DA:209,0
DA:210,0
DA:211,0
DA:215,0
DA:216,0
DA:217,0
DA:218,0
DA:219,0
DA:221,0
DA:231,0
DA:234,0
DA:236,0
DA:240,0
DA:243,0
DA:244,0
DA:245,0
DA:246,0
DA:249,0
DA:251,0
LF:79
LH:0
end_of_record
SF:lib\data\model\user.dart
DA:29,1
DA:33,0
DA:34,0
DA:35,0
DA:36,0
DA:37,0
DA:38,0
DA:39,0
DA:40,0
DA:41,0
DA:42,0
DA:43,0
DA:44,0
DA:45,0
DA:49,0
DA:50,0
DA:66,1
DA:67,1
DA:69,0
DA:72,0
DA:73,0
DA:74,0
LF:22
LH:3
end_of_record
SF:lib\data\model\obs_audio_track.dart
DA:9,0
LF:1
LH:0
end_of_record
SF:lib\data\model\obs_scene.dart
DA:8,0
DA:10,0
DA:11,0
DA:12,0
DA:13,0
DA:14,0
LF:6
LH:0
end_of_record
SF:lib\data\model\obs_stream_status.dart
DA:5,0
DA:7,0
DA:8,0
LF:3
LH:0
end_of_record
SF:lib\data\model\token_data.dart
DA:20,4
DA:22,1
DA:23,1
DA:24,1
DA:25,1
DA:26,1
DA:31,1
DA:32,1
DA:33,1
DA:35,4
DA:36,1
DA:38,1
DA:41,3
DA:42,3
DA:45,2
DA:46,2
LF:16
LH:16
end_of_record
SF:lib\presentation\bloc\chat_bloc.dart
DA:37,0
DA:38,0
DA:46,0
DA:61,0
DA:63,0
DA:64,0
DA:68,0
DA:78,0
DA:79,0
DA:84,0
DA:86,0
DA:87,0
DA:88,0
DA:89,0
DA:90,0
DA:91,0
DA:95,0
DA:96,0
DA:97,0
DA:98,0
DA:100,0
DA:101,0
DA:104,0
DA:106,0
DA:107,0
DA:111,0
DA:113,0
DA:115,0
DA:120,0
DA:124,0
DA:125,0
DA:130,0
DA:133,0
DA:134,0
DA:139,0
DA:140,0
DA:141,0
DA:142,0
DA:143,0
DA:147,0
DA:148,0
DA:150,0
DA:151,0
DA:152,0
DA:154,0
DA:155,0
DA:156,0
DA:157,0
DA:161,0
DA:162,0
DA:163,0
DA:164,0
DA:165,0
DA:166,0
DA:167,0
DA:169,0
DA:170,0
DA:171,0
DA:172,0
DA:175,0
DA:177,0
DA:178,0
DA:184,0
DA:185,0
DA:186,0
DA:187,0
DA:188,0
DA:192,0
DA:193,0
DA:194,0
DA:197,0
DA:198,0
DA:199,0
DA:202,0
DA:203,0
DA:204,0
DA:206,0
DA:207,0
DA:217,0
DA:218,0
DA:219,0
DA:222,0
DA:223,0
DA:224,0
DA:225,0
DA:226,0
DA:227,0
DA:229,0
DA:232,0
DA:236,0
DA:239,0
DA:242,0
DA:243,0
DA:252,0
DA:256,0
DA:258,0
DA:259,0
DA:261,0
DA:262,0
DA:264,0
DA:265,0
DA:267,0
DA:268,0
DA:270,0
DA:271,0
DA:274,0
DA:276,0
DA:277,0
DA:283,0
DA:287,0
DA:290,0
DA:292,0
DA:294,0
DA:297,0
DA:299,0
DA:302,0
DA:309,0
DA:313,0
DA:314,0
DA:318,0
DA:319,0
DA:321,0
DA:324,0
DA:326,0
DA:332,0
DA:333,0
DA:335,0
DA:340,0
DA:341,0
DA:343,0
DA:344,0
DA:345,0
DA:350,0
DA:352,0
DA:353,0
DA:354,0
DA:360,0
DA:365,0
DA:368,0
DA:369,0
DA:370,0
DA:371,0
DA:373,0
DA:374,0
DA:375,0
DA:376,0
DA:377,0
DA:378,0
DA:380,0
DA:387,0
DA:388,0
DA:393,0
DA:394,0
DA:395,0
DA:396,0
DA:397,0
DA:398,0
DA:399,0
DA:400,0
DA:401,0
DA:402,0
DA:403,0
DA:404,0
DA:405,0
DA:406,0
DA:407,0
DA:408,0
DA:409,0
DA:410,0
DA:411,0
DA:412,0
DA:413,0
DA:416,0
DA:417,0
LF:174
LH:0
end_of_record
SF:lib\presentation\bloc\chat_event.dart
DA:12,0
DA:20,0
DA:28,0
DA:34,0
DA:39,0
DA:44,0
LF:6
LH:0
end_of_record
SF:lib\presentation\bloc\chat_state.dart
DA:17,0
DA:21,0
LF:2
LH:0
end_of_record
SF:lib\shared\widgets\twitch_chat_items\twitch_chat_private_message.dart
DA:30,0
DA:32,0
DA:33,0
DA:47,0
DA:49,0
DA:50,0
DA:51,0
DA:53,0
DA:54,0
DA:60,0
DA:63,0
DA:64,0
DA:67,0
DA:69,0
DA:70,0
DA:71,0
DA:72,0
DA:73,0
DA:74,0
DA:76,0
DA:77,0
DA:80,0
DA:81,0
DA:83,0
DA:85,0
DA:86,0
DA:87,0
DA:98,0
DA:99,0
DA:100,0
DA:104,0
DA:105,0
DA:107,0
DA:108,0
DA:110,0
DA:113,0
DA:114,0
DA:116,0
DA:117,0
DA:121,0
DA:122,0
DA:123,0
DA:126,0
DA:129,0
DA:130,0
DA:139,0
DA:140,0
DA:142,0
DA:143,0
DA:145,0
DA:146,0
DA:148,0
DA:149,0
DA:151,0
DA:153,0
DA:162,0
DA:163,0
DA:164,0
DA:166,0
DA:168,0
DA:170,0
DA:174,0
DA:178,0
DA:179,0
DA:182,0
DA:183,0
DA:184,0
DA:185,0
DA:186,0
DA:191,0
DA:192,0
DA:193,0
DA:194,0
DA:196,0
DA:198,0
DA:210,0
DA:213,0
DA:215,0
DA:227,0
DA:229,0
DA:231,0
DA:232,0
DA:233,0
DA:235,0
DA:236,0
DA:240,0
DA:243,0
DA:251,0
DA:253,0
DA:256,0
DA:257,0
DA:259,0
LF:92
LH:0
end_of_record
SF:lib\shared\widgets\twitch_chat_items\twitch_chat_notice_message.dart
DA:16,9
DA:18,0
DA:20,0
DA:22,0
DA:25,0
DA:26,0
DA:27,0
DA:28,0
DA:30,0
DA:31,0
LF:10
LH:1
end_of_record
SF:lib\shared\widgets\twitch_chat_items\twitch_chat_user_notice_message.dart
DA:13,0
DA:15,0
DA:17,0
DA:19,0
DA:25,0
DA:26,0
DA:27,0
DA:28,0
DA:29,0
DA:30,0
DA:31,0
DA:32,0
DA:33,0
DA:34,0
DA:37,0
DA:40,0
DA:41,0
DA:42,0
DA:51,0
DA:52,0
DA:54,0
DA:57,0
DA:58,0
DA:60,0
DA:61,0
DA:63,0
DA:66,0
DA:69,0
DA:70,0
DA:74,0
DA:75,0
DA:82,0
DA:83,0
DA:84,0
DA:91,0
DA:92,0
DA:94,0
DA:97,0
DA:99,0
DA:101,0
DA:102,0
DA:105,0
DA:106,0
DA:107,0
DA:111,0
DA:112,0
DA:125,0
DA:126,0
DA:128,0
DA:131,0
DA:132,0
DA:134,0
DA:135,0
DA:137,0
DA:140,0
DA:143,0
DA:144,0
DA:145,0
DA:147,0
DA:148,0
DA:152,0
DA:153,0
DA:154,0
DA:164,0
DA:165,0
DA:171,0
DA:176,0
DA:177,0
DA:179,0
DA:184,0
DA:185,0
DA:187,0
DA:189,0
DA:191,0
DA:197,0
DA:199,0
LF:76
LH:0
end_of_record
SF:lib\presentation\bloc\user_info_bloc\user_info_bloc.dart
DA:12,0
DA:15,0
DA:16,0
DA:19,0
DA:20,0
DA:21,0
DA:23,0
DA:25,0
DA:27,0
DA:33,0
DA:34,0
DA:35,0
LF:12
LH:0
end_of_record
SF:lib\presentation\bloc\user_info_bloc\user_info_event.dart
DA:7,0
LF:1
LH:0
end_of_record
SF:lib\presentation\bloc\user_info_bloc\user_info_state.dart
DA:6,0
LF:1
LH:0
end_of_record
SF:lib\shared\extension_color.dart
DA:7,0
DA:8,0
DA:9,0
DA:10,0
DA:11,0
DA:12,0
DA:20,0
DA:21,0
DA:22,0
DA:23,0
DA:24,0
LF:11
LH:0
end_of_record
SF:lib\app\app.dart
DA:13,1
DA:16,1
DA:18,1
DA:19,1
DA:20,1
DA:21,2
DA:23,1
DA:24,0
DA:26,1
DA:27,0
DA:29,1
DA:30,0
DA:32,1
DA:33,0
DA:35,1
DA:36,0
DA:40,1
DA:42,1
LF:18
LH:13
end_of_record
SF:lib\presentation\bloc\category\category_bloc.dart
DA:14,0
DA:16,0
DA:18,0
DA:19,0
DA:23,0
DA:24,0
DA:26,0
DA:31,0
DA:32,0
DA:44,0
DA:50,0
LF:11
LH:0
end_of_record
SF:lib\presentation\bloc\obs\obs_bloc.dart
DA:30,0
DA:31,0
DA:37,0
DA:38,0
DA:43,0
DA:44,0
DA:47,0
DA:49,0
DA:51,0
DA:56,0
DA:58,0
DA:59,0
DA:60,0
DA:61,0
DA:62,0
DA:63,0
DA:64,0
DA:65,0
DA:66,0
DA:67,0
DA:68,0
DA:73,0
DA:75,0
DA:76,0
DA:77,0
DA:78,0
DA:79,0
DA:81,0
DA:82,0
DA:83,0
DA:84,0
DA:86,0
DA:93,0
DA:95,0
DA:96,0
DA:103,0
DA:105,0
DA:106,0
DA:108,0
DA:109,0
DA:110,0
DA:111,0
DA:118,0
DA:120,0
DA:121,0
DA:128,0
DA:130,0
DA:131,0
DA:137,0
DA:140,0
DA:141,0
DA:142,0
DA:143,0
DA:147,0
DA:148,0
DA:154,0
DA:155,0
DA:156,0
DA:158,0
DA:162,0
DA:164,0
DA:165,0
DA:166,0
DA:167,0
DA:174,0
DA:176,0
DA:177,0
DA:179,0
DA:183,0
DA:185,0
DA:186,0
DA:187,0
DA:188,0
DA:194,0
DA:197,0
DA:198,0
DA:199,0
DA:201,0
DA:210,0
DA:211,0
DA:212,0
DA:214,0
DA:215,0
DA:217,0
DA:218,0
DA:219,0
DA:220,0
DA:222,0
DA:223,0
DA:225,0
DA:226,0
DA:228,0
DA:229,0
DA:231,0
DA:232,0
DA:234,0
DA:235,0
DA:237,0
DA:238,0
DA:240,0
DA:241,0
DA:243,0
DA:252,0
DA:253,0
DA:254,0
DA:255,0
DA:256,0
DA:259,0
DA:260,0
DA:262,0
DA:263,0
DA:264,0
DA:266,0
DA:269,0
DA:272,0
DA:273,0
DA:274,0
DA:277,0
DA:280,0
DA:282,0
DA:287,0
DA:292,0
DA:293,0
DA:296,0
DA:297,0
DA:303,0
DA:304,0
DA:305,0
DA:306,0
DA:311,0
DA:312,0
DA:313,0
DA:314,0
DA:316,0
DA:317,0
DA:320,0
DA:321,0
DA:329,0
DA:330,0
DA:333,0
DA:334,0
DA:336,0
DA:337,0
DA:342,0
DA:343,0
DA:344,0
DA:345,0
DA:346,0
DA:347,0
DA:354,0
DA:355,0
DA:357,0
DA:359,0
DA:363,0
DA:370,0
DA:371,0
DA:373,0
DA:374,0
DA:376,0
DA:380,0
DA:387,0
DA:388,0
DA:390,0
DA:391,0
DA:393,0
DA:397,0
LF:166
LH:0
end_of_record
SF:lib\presentation\bloc\settings\settings_bloc.dart
DA:14,0
DA:16,0
DA:22,0
DA:23,0
DA:25,0
DA:26,0
DA:29,0
DA:30,0
DA:31,0
DA:35,0
DA:41,0
DA:42,0
DA:46,0
DA:47,0
DA:48,0
DA:50,0
DA:53,0
DA:54,0
DA:56,0
DA:61,0
LF:20
LH:0
end_of_record
SF:lib\presentation\screens\login\log_in_screen.dart
DA:17,2
DA:21,1
DA:22,1
DA:29,1
DA:32,1
DA:33,2
DA:41,0
DA:43,0
DA:44,0
DA:45,0
DA:48,0
DA:49,0
DA:50,0
DA:51,0
DA:55,0
DA:56,0
DA:57,0
DA:59,0
DA:60,0
DA:61,0
DA:64,0
DA:66,0
DA:68,0
DA:69,0
DA:71,0
DA:73,0
DA:74,0
DA:78,0
DA:85,0
DA:88,0
DA:89,0
DA:90,0
DA:92,0
DA:105,0
DA:107,0
DA:108,0
DA:109,0
DA:111,0
DA:112,0
DA:115,0
DA:121,0
DA:122,0
DA:123,0
DA:124,0
DA:127,0
DA:130,0
DA:132,0
DA:134,0
DA:135,0
DA:137,0
DA:144,0
DA:145,0
DA:146,0
DA:147,0
DA:148,0
DA:150,0
DA:165,0
DA:167,0
DA:173,0
DA:175,0
DA:176,0
DA:177,0
DA:179,0
DA:180,0
DA:183,0
DA:184,0
DA:185,0
DA:188,0
DA:190,0
DA:196,0
DA:197,0
DA:200,0
DA:202,0
DA:205,0
DA:207,0
DA:209,0
DA:211,0
DA:212,0
DA:215,0
DA:218,0
DA:221,0
DA:228,0
DA:229,0
DA:230,0
DA:231,0
DA:232,0
DA:234,0
DA:236,0
DA:237,0
DA:239,0
DA:248,0
DA:250,0
DA:252,0
LF:93
LH:6
end_of_record
SF:lib\data\model\obs_connection.dart
DA:9,0
DA:11,0
DA:13,0
DA:16,0
DA:17,0
DA:18,0
DA:19,0
DA:20,0
DA:21,0
DA:25,0
DA:26,0
DA:27,0
DA:28,0
DA:29,0
DA:32,0
DA:33,0
DA:35,0
DA:36,0
LF:18
LH:0
end_of_record
SF:lib\domain\usecases\obs_usecases\get_obs_audio_tracks_use_case.dart
DA:14,0
DA:16,0
DA:17,0
DA:19,0
DA:21,0
LF:5
LH:0
end_of_record
SF:lib\domain\usecases\obs_usecases\get_obs_scenes_use_case.dart
DA:13,0
DA:15,0
DA:16,0
DA:18,0
DA:19,0
DA:20,0
DA:24,0
DA:26,0
LF:8
LH:0
end_of_record
SF:lib\presentation\bloc\settings\settings_event.dart
DA:8,0
DA:16,0
LF:2
LH:0
end_of_record
SF:lib\presentation\bloc\settings\settings_state.dart
DA:9,0
LF:1
LH:0
end_of_record
SF:lib\presentation\bloc\obs\obs_event.dart
DA:11,0
DA:15,0
DA:20,0
DA:27,0
DA:34,0
LF:5
LH:0
end_of_record
SF:lib\presentation\bloc\obs\obs_state.dart
DA:12,0
DA:17,0
LF:2
LH:0
end_of_record
SF:lib\presentation\screens\chat_screen.dart
DA:20,0
DA:22,0
DA:23,0
DA:33,0
DA:35,0
DA:41,0
DA:43,0
DA:44,0
DA:50,0
DA:51,0
DA:52,0
DA:53,0
DA:55,0
DA:62,0
DA:63,0
DA:64,0
DA:65,0
DA:68,0
DA:71,0
DA:72,0
DA:73,0
DA:74,0
DA:76,0
DA:77,0
DA:81,0
DA:84,0
DA:85,0
DA:86,0
DA:89,0
DA:91,0
DA:92,0
DA:94,0
DA:98,0
DA:118,0
DA:119,0
DA:120,0
DA:121,0
DA:122,0
DA:127,0
DA:128,0
DA:129,0
DA:134,0
DA:136,0
DA:137,0
DA:138,0
DA:139,0
DA:143,0
DA:148,0
DA:152,0
DA:153,0
DA:154,0
DA:156,0
DA:159,0
DA:163,0
DA:164,0
DA:166,0
DA:167,0
DA:170,0
DA:171,0
DA:172,0
DA:174,0
DA:176,0
DA:188,0
DA:189,0
DA:191,0
DA:192,0
DA:193,0
DA:194,0
DA:195,0
DA:197,0
DA:200,0
DA:201,0
DA:202,0
DA:203,0
LF:74
LH:0
end_of_record
SF:lib\shared\widgets\twitch_chat_items\chat_settings_widget.dart
DA:18,0
DA:20,0
DA:21,0
DA:33,0
DA:36,0
DA:37,0
DA:38,0
DA:39,0
DA:41,0
DA:42,0
DA:45,0
DA:47,0
DA:49,0
DA:50,0
DA:51,0
DA:53,0
DA:57,0
DA:59,0
DA:60,0
DA:61,0
DA:63,0
DA:67,0
DA:69,0
DA:70,0
DA:71,0
DA:72,0
DA:73,0
DA:78,0
DA:80,0
DA:81,0
DA:82,0
DA:83,0
DA:84,0
DA:103,0
DA:104,0
DA:105,0
DA:106,0
DA:108,0
DA:109,0
DA:111,0
DA:112,0
DA:114,0
DA:115,0
DA:117,0
DA:118,0
DA:120,0
DA:122,0
DA:123,0
DA:126,0
DA:128,0
DA:129,0
DA:131,0
DA:132,0
DA:133,0
DA:134,0
DA:136,0
DA:137,0
DA:138,0
DA:140,0
DA:142,0
DA:143,0
DA:146,0
DA:168,0
DA:170,0
DA:173,0
DA:174,0
DA:179,0
DA:181,0
DA:183,0
LF:69
LH:0
end_of_record
SF:lib\presentation\screens\control_screen.dart
DA:31,0
DA:33,0
DA:34,0
DA:39,0
DA:40,0
DA:41,0
DA:43,0
DA:44,0
DA:48,0
DA:50,0
DA:56,0
DA:58,0
DA:59,0
DA:60,0
DA:65,0
DA:67,0
DA:68,0
DA:69,0
DA:73,0
DA:74,0
DA:75,0
DA:76,0
DA:77,0
DA:78,0
DA:80,0
DA:83,0
DA:85,0
DA:89,0
DA:94,0
DA:101,0
DA:102,0
DA:103,0
DA:104,0
DA:106,0
DA:107,0
DA:108,0
DA:115,0
DA:116,0
DA:117,0
DA:118,0
DA:120,0
DA:121,0
DA:130,0
DA:131,0
DA:133,0
DA:135,0
DA:138,0
DA:139,0
DA:140,0
DA:141,0
DA:143,0
DA:144,0
DA:147,0
DA:149,0
DA:150,0
DA:151,0
DA:152,0
DA:157,0
DA:158,0
DA:159,0
DA:160,0
DA:166,0
DA:167,0
DA:168,0
DA:170,0
DA:172,0
DA:175,0
DA:178,0
DA:179,0
DA:189,0
DA:190,0
DA:191,0
DA:192,0
DA:193,0
DA:195,0
DA:196,0
DA:198,0
DA:200,0
DA:203,0
DA:206,0
DA:207,0
DA:208,0
DA:217,0
DA:218,0
DA:219,0
DA:220,0
DA:221,0
DA:223,0
DA:224,0
DA:226,0
DA:227,0
DA:228,0
DA:229,0
DA:230,0
DA:231,0
DA:232,0
DA:233,0
DA:236,0
DA:239,0
DA:241,0
DA:243,0
DA:245,0
DA:265,0
DA:267,0
DA:292,0
DA:294,0
DA:297,0
DA:307,0
DA:308,0
DA:309,0
DA:310,0
DA:318,0
DA:319,0
DA:320,0
DA:321,0
DA:323,0
DA:325,0
DA:327,0
DA:328,0
DA:329,0
DA:331,0
DA:353,0
DA:354,0
DA:355,0
DA:356,0
DA:357,0
DA:358,0
DA:360,0
DA:364,0
DA:368,0
DA:369,0
DA:381,0
DA:382,0
DA:383,0
DA:384,0
DA:385,0
DA:386,0
DA:388,0
DA:389,0
DA:391,0
DA:393,0
DA:405,0
DA:406,0
DA:410,0
DA:412,0
DA:413,0
DA:418,0
DA:419,0
DA:420,0
DA:421,0
DA:424,0
DA:425,0
DA:426,0
DA:429,0
DA:431,0
DA:432,0
DA:433,0
DA:434,0
DA:437,0
DA:438,0
DA:440,0
DA:441,0
DA:442,0
DA:443,0
DA:444,0
DA:447,0
DA:448,0
DA:449,0
DA:450,0
DA:462,0
DA:463,0
DA:464,0
DA:465,0
DA:467,0
DA:468,0
DA:469,0
DA:470,0
DA:472,0
DA:473,0
DA:474,0
DA:476,0
DA:483,0
DA:484,0
DA:485,0
LF:184
LH:0
end_of_record
SF:lib\shared\widgets\large_primary_button.dart
DA:14,0
DA:23,0
DA:25,0
DA:26,0
DA:27,0
DA:28,0
DA:30,0
DA:32,0
DA:33,0
DA:36,0
DA:37,0
DA:40,0
DA:41,0
DA:42,0
LF:14
LH:0
end_of_record
SF:lib\presentation\screens\home_screen.dart
DA:26,1
DA:28,0
DA:29,0
DA:46,0
DA:48,0
DA:49,0
DA:50,0
DA:62,0
DA:65,0
DA:67,0
DA:68,0
DA:70,0
DA:71,0
DA:74,0
DA:78,0
DA:79,0
DA:80,0
DA:81,0
DA:84,0
DA:85,0
DA:86,0
DA:91,0
DA:95,0
DA:97,0
DA:98,0
DA:101,0
DA:102,0
DA:103,0
DA:104,0
DA:108,0
DA:109,0
DA:111,0
DA:113,0
DA:114,0
DA:115,0
DA:116,0
DA:120,0
DA:121,0
DA:127,0
DA:128,0
DA:129,0
DA:135,0
DA:137,0
DA:138,0
DA:139,0
DA:140,0
DA:141,0
DA:142,0
DA:143,0
DA:146,0
DA:148,0
DA:153,0
DA:154,0
DA:155,0
DA:156,0
DA:157,0
DA:159,0
DA:161,0
DA:163,0
DA:167,0
DA:168,0
DA:169,0
DA:170,0
DA:172,0
DA:180,0
DA:181,0
DA:182,0
DA:183,0
DA:185,0
DA:188,0
DA:191,0
DA:192,0
DA:193,0
DA:194,0
DA:196,0
DA:198,0
DA:201,0
DA:202,0
DA:203,0
DA:204,0
DA:205,0
DA:206,0
DA:209,0
DA:212,0
DA:215,0
DA:216,0
DA:217,0
DA:221,0
LF:88
LH:1
end_of_record
SF:lib\presentation\screens\settings_screen.dart
DA:22,0
DA:26,0
DA:27,0
DA:42,0
DA:44,0
DA:45,0
DA:47,0
DA:49,0
DA:50,0
DA:51,0
DA:63,0
DA:65,0
DA:66,0
DA:67,0
DA:68,0
DA:70,0
DA:71,0
DA:72,0
DA:73,0
DA:75,0
DA:77,0
DA:78,0
DA:79,0
DA:81,0
DA:82,0
DA:83,0
DA:85,0
DA:88,0
DA:89,0
DA:91,0
DA:99,0
DA:102,0
DA:103,0
DA:104,0
DA:105,0
DA:107,0
DA:109,0
DA:110,0
DA:120,0
DA:124,0
DA:126,0
DA:128,0
DA:129,0
DA:133,0
DA:148,0
DA:149,0
DA:150,0
DA:151,0
DA:153,0
DA:155,0
DA:157,0
DA:164,0
DA:165,0
DA:167,0
DA:170,0
DA:171,0
DA:174,0
DA:175,0
DA:182,0
DA:183,0
DA:184,0
DA:185,0
DA:187,0
DA:188,0
DA:193,0
DA:195,0
DA:198,0
DA:204,0
DA:206,0
DA:209,0
DA:220,0
DA:221,0
DA:222,0
DA:223,0
DA:224,0
DA:237,0
DA:238,0
DA:241,0
LF:78
LH:0
end_of_record
SF:lib\shared\widgets\app_bar.dart
DA:6,0
DA:7,0
DA:10,0
DA:12,0
DA:16,0
DA:17,0
DA:19,0
DA:21,0
LF:8
LH:0
end_of_record
SF:lib\presentation\screens\login\login_in_webview_screen.dart
DA:15,0
DA:17,0
DA:18,0
DA:33,0
DA:36,0
DA:38,0
DA:39,0
DA:42,0
DA:45,0
DA:49,0
DA:50,0
DA:58,0
DA:59,0
DA:62,0
DA:63,0
DA:64,0
DA:65,0
DA:68,0
DA:71,0
DA:72,0
DA:73,0
DA:74,0
DA:75,0
DA:77,0
DA:87,0
DA:89,0
DA:90,0
DA:91,0
DA:92,0
DA:100,0
DA:102,0
DA:103,0
DA:104,0
DA:106,0
DA:107,0
DA:110,0
DA:111,0
DA:113,0
DA:114,0
DA:115,0
LF:40
LH:0
end_of_record
SF:lib\shared\widgets\category_list.dart
DA:12,0
DA:16,0
DA:17,0
DA:24,0
DA:26,0
DA:27,0
DA:31,0
DA:33,0
DA:34,0
DA:37,0
DA:39,0
DA:40,0
DA:41,0
DA:43,0
DA:44,0
DA:45,0
DA:46,0
DA:52,0
DA:59,0
DA:60,0
DA:61,0
DA:62,0
DA:63,0
DA:73,0
DA:74,0
DA:78,0
DA:79,0
DA:80,0
DA:81,0
DA:82,0
DA:83,0
DA:85,0
DA:87,0
LF:33
LH:0
end_of_record
SF:lib\shared\widgets\category_list_item.dart
DA:7,0
DA:11,0
DA:13,0
DA:15,0
DA:16,0
DA:18,0
LF:6
LH:0
end_of_record
